<?xml version="1.0" encoding="UTF-8"?>
<testng-results ignored="0" total="1" passed="1" failed="0" skipped="0">
  <reporter-output>
  </reporter-output>
  <suite started-at="2024-03-08T17:42:44 IST" name="Default suite" finished-at="2024-03-08T17:42:47 IST" duration-ms="3246">
    <groups>
    </groups>
    <test started-at="2024-03-08T17:42:44 IST" name="Default test" finished-at="2024-03-08T17:42:47 IST" duration-ms="3246">
      <class name="pojo.ComplexPost">
        <test-method signature="post()[pri:0, instance:pojo.ComplexPost@45ca843]" started-at="2024-03-08T17:42:44 IST" name="post" finished-at="2024-03-08T17:42:47 IST" duration-ms="3200" status="PASS">
          <reporter-output>
          </reporter-output>
        </test-method> <!-- post -->
      </class> <!-- pojo.ComplexPost -->
    </test> <!-- Default test -->
  </suite> <!-- Default suite -->
</testng-results>
