<?xml version="1.0" encoding="UTF-8"?>
<testng-results ignored="0" total="1" passed="1" failed="0" skipped="0">
  <reporter-output>
  </reporter-output>
  <suite started-at="2024-01-29T19:51:46 IST" name="Default suite" finished-at="2024-01-29T19:51:50 IST" duration-ms="3678">
    <groups>
    </groups>
    <test started-at="2024-01-29T19:51:46 IST" name="Default test" finished-at="2024-01-29T19:51:50 IST" duration-ms="3678">
      <class name="Schema.UpdateUserPatch">
        <test-method signature="createUser()[pri:0, instance:Schema.UpdateUserPatch@11c9af63]" started-at="2024-01-29T19:51:46 IST" name="createUser" finished-at="2024-01-29T19:51:50 IST" duration-ms="3646" status="PASS">
          <reporter-output>
          </reporter-output>
        </test-method> <!-- createUser -->
      </class> <!-- Schema.UpdateUserPatch -->
    </test> <!-- Default test -->
  </suite> <!-- Default suite -->
</testng-results>
